node:internal/modules/cjs/loader:1433
  throw err;
  ^

Error: Cannot find module './hyperliquid-ws'
Require stack:
- /home/clawdbot/.openclaw/workspace/HyperLiquidAlgoBot/src/wayfinder/adapter-fixed-ws.js
- /home/clawdbot/.openclaw/workspace/HyperLiquidAlgoBot/paper-trade.js
    at Function._resolveFilename (node:internal/modules/cjs/loader:1430:15)
    at defaultResolveImpl (node:internal/modules/cjs/loader:1040:19)
    at resolveForCJSWithHooks (node:internal/modules/cjs/loader:1045:22)
    at Function._load (node:internal/modules/cjs/loader:1216:25)
    at wrapModuleLoad (node:internal/modules/cjs/loader:254:19)
    at Module.require (node:internal/modules/cjs/loader:1527:12)
    at require (node:internal/modules/helpers:147:16)
    at Object.<anonymous> (/home/clawdbot/.openclaw/workspace/HyperLiquidAlgoBot/src/wayfinder/adapter-fixed-ws.js:7:39)
    at Module._compile (node:internal/modules/cjs/loader:1781:14)
    at Object..js (node:internal/modules/cjs/loader:1913:10) {
  code: 'MODULE_NOT_FOUND',
  requireStack: [
    '/home/clawdbot/.openclaw/workspace/HyperLiquidAlgoBot/src/wayfinder/adapter-fixed-ws.js',
    '/home/clawdbot/.openclaw/workspace/HyperLiquidAlgoBot/paper-trade.js'
  ]
}

Node.js v22.22.3
