[2026-06-10T06:02:27.759Z] INFO: BBRSIStrategy initialized
[2026-06-10T06:02:27.760Z] INFO: [Orchestrator] Phase 3 initialized - regime observation mode
[2026-06-10T06:02:27.760Z] INFO: [Orchestrator] Starting regime observation for BTC every 900s
[2026-06-10T06:02:28.433Z] INFO: Regime BTC: raw=neutral confirmed=hold (adx=28.2 bw=0.0110 streak=1)
[2026-06-10T06:07:28.529Z] INFO: [STATUS] Observations: 1, Flips: 0, FlipRate: 0.000
[2026-06-10T06:07:28.530Z] INFO: [STATUS] Regime distribution: {}
[2026-06-10T06:12:28.620Z] INFO: [STATUS] Observations: 1, Flips: 0, FlipRate: 0.000
[2026-06-10T06:12:28.621Z] INFO: [STATUS] Regime distribution: {}
[2026-06-10T06:17:29.046Z] INFO: Regime BTC: raw=neutral confirmed=hold (adx=27.8 bw=0.0093 streak=2)
[2026-06-10T06:17:29.047Z] INFO: [STATUS] Observations: 2, Flips: 0, FlipRate: 0.000
[2026-06-10T06:17:29.048Z] INFO: [STATUS] Regime distribution: {}
[2026-06-10T06:22:29.139Z] INFO: [STATUS] Observations: 2, Flips: 0, FlipRate: 0.000
[2026-06-10T06:22:29.139Z] INFO: [STATUS] Regime distribution: {}
[2026-06-10T06:27:29.238Z] INFO: [STATUS] Observations: 2, Flips: 0, FlipRate: 0.000
[2026-06-10T06:27:29.239Z] INFO: [STATUS] Regime distribution: {}
[2026-06-10T06:32:28.946Z] INFO: Regime BTC: raw=neutral confirmed=neutral (adx=27.2 bw=0.0091 streak=3)
[2026-06-10T06:32:29.240Z] INFO: [STATUS] Observations: 3, Flips: 0, FlipRate: 0.000
[2026-06-10T06:32:29.240Z] INFO: [STATUS] Regime distribution: {"neutral":1}
[2026-06-10T06:37:29.318Z] INFO: [STATUS] Observations: 3, Flips: 0, FlipRate: 0.000
[2026-06-10T06:37:29.318Z] INFO: [STATUS] Regime distribution: {"neutral":1}
[2026-06-10T06:42:29.419Z] INFO: [STATUS] Observations: 3, Flips: 0, FlipRate: 0.000
[2026-06-10T06:42:29.419Z] INFO: [STATUS] Regime distribution: {"neutral":1}
